<?xml version="1.0" encoding="UTF-8"?>
<!-- Generated by org.testng.reporters.JUnitReportReporter -->
<testsuite hostname="DESKTOP-K3EK05Q" failures="0" tests="1" name="testing_code_5thNov_2022.Important_Methods_In_Assert" time="9.062" errors="0" timestamp="2022-11-05T11:48:20 EDT" skipped="0">
  <testcase classname="testing_code_5thNov_2022.Important_Methods_In_Assert" name="logic1" time="9.062"/>
  <system-out/>
</testsuite> <!-- testing_code_5thNov_2022.Important_Methods_In_Assert -->
